# JRE version: Java(TM) SE Runtime Environment (8.0_112-b15) (build 1.8.0_112-b15)
# Java VM: Java HotSpot(TM) 64-Bit Server VM (25.112-b15 mixed mode windows-amd64 compressed oops)
Heap:
 PSYoungGen      total 562176K, used 289071K [0x0000000740b00000, 0x0000000765a00000, 0x00000007c0000000)
  eden space 541696K, 49% used [0x0000000740b00000,0x000000075114db88,0x0000000761c00000)
  from space 20480K, 99% used [0x0000000764600000,0x00000007659fe3e8,0x0000000765a00000)
  to   space 26624K, 0% used [0x0000000762600000,0x0000000762600000,0x0000000764000000)
 ParOldGen       total 156160K, used 28897K [0x0000000642000000, 0x000000064b880000, 0x0000000740b00000)
  object space 156160K, 18% used [0x0000000642000000,0x0000000643c38728,0x000000064b880000)
 Metaspace       used 55518K, capacity 58268K, committed 58496K, reserved 1099776K
  class space    used 7230K, capacity 7745K, committed 7808K, reserved 1048576K
GC Heap History (10 events):
Event: 15.695 GC heap before
{Heap before GC invocations=6 (full 1):
 PSYoungGen      total 189952K, used 189661K [0x0000000740b00000, 0x000000074e080000, 0x00000007c0000000)
  eden space 183808K, 100% used [0x0000000740b00000,0x000000074be80000,0x000000074be80000)
  from space 6144K, 95% used [0x000000074da80000,0x000000074e037450,0x000000074e080000)
  to   space 15872K, 0% used [0x000000074c180000,0x000000074c180000,0x000000074d100000)
 ParOldGen       total 114688K, used 5703K [0x0000000642000000, 0x0000000649000000, 0x0000000740b00000)
  object space 114688K, 4% used [0x0000000642000000,0x0000000642591cb8,0x0000000649000000)
 Metaspace       used 29682K, capacity 31282K, committed 31488K, reserved 1077248K
  class space    used 3989K, capacity 4297K, committed 4352K, reserved 1048576K
Event: 15.710 GC heap after
Heap after GC invocations=6 (full 1):
 PSYoungGen      total 202752K, used 12513K [0x0000000740b00000, 0x0000000757200000, 0x00000007c0000000)
  eden space 186880K, 0% used [0x0000000740b00000,0x0000000740b00000,0x000000074c180000)
  from space 15872K, 78% used [0x000000074c180000,0x000000074cdb8628,0x000000074d100000)
  to   space 14848K, 0% used [0x0000000756380000,0x0000000756380000,0x0000000757200000)
 ParOldGen       total 114688K, used 5711K [0x0000000642000000, 0x0000000649000000, 0x0000000740b00000)
  object space 114688K, 4% used [0x0000000642000000,0x0000000642593cb8,0x0000000649000000)
 Metaspace       used 29682K, capacity 31282K, committed 31488K, reserved 1077248K
  class space    used 3989K, capacity 4297K, committed 4352K, reserved 1048576K
}
Event: 16.754 GC heap before
{Heap before GC invocations=7 (full 1):
 PSYoungGen      total 202752K, used 102002K [0x0000000740b00000, 0x0000000757200000, 0x00000007c0000000)
  eden space 186880K, 47% used [0x0000000740b00000,0x0000000746264230,0x000000074c180000)
  from space 15872K, 78% used [0x000000074c180000,0x000000074cdb8628,0x000000074d100000)
  to   space 14848K, 0% used [0x0000000756380000,0x0000000756380000,0x0000000757200000)
 ParOldGen       total 114688K, used 5711K [0x0000000642000000, 0x0000000649000000, 0x0000000740b00000)
  object space 114688K, 4% used [0x0000000642000000,0x0000000642593cb8,0x0000000649000000)
 Metaspace       used 33714K, capacity 35428K, committed 35496K, reserved 1079296K
  class space    used 4487K, capacity 4834K, committed 4864K, reserved 1048576K
Event: 16.769 GC heap after
Heap after GC invocations=7 (full 1):
 PSYoungGen      total 351744K, used 12844K [0x0000000740b00000, 0x0000000757500000, 0x00000007c0000000)
  eden space 336896K, 0% used [0x0000000740b00000,0x0000000740b00000,0x0000000755400000)
  from space 14848K, 86% used [0x0000000756380000,0x000000075700b3e0,0x0000000757200000)
  to   space 15872K, 0% used [0x0000000755400000,0x0000000755400000,0x0000000756380000)
 ParOldGen       total 114688K, used 5719K [0x0000000642000000, 0x0000000649000000, 0x0000000740b00000)
  object space 114688K, 4% used [0x0000000642000000,0x0000000642595cb8,0x0000000649000000)
 Metaspace       used 33714K, capacity 35428K, committed 35496K, reserved 1079296K
  class space    used 4487K, capacity 4834K, committed 4864K, reserved 1048576K
}
Event: 16.769 GC heap before
{Heap before GC invocations=8 (full 2):
 PSYoungGen      total 351744K, used 12844K [0x0000000740b00000, 0x0000000757500000, 0x00000007c0000000)
  eden space 336896K, 0% used [0x0000000740b00000,0x0000000740b00000,0x0000000755400000)
  from space 14848K, 86% used [0x0000000756380000,0x000000075700b3e0,0x0000000757200000)
  to   space 15872K, 0% used [0x0000000755400000,0x0000000755400000,0x0000000756380000)
 ParOldGen       total 114688K, used 5719K [0x0000000642000000, 0x0000000649000000, 0x0000000740b00000)
  object space 114688K, 4% used [0x0000000642000000,0x0000000642595cb8,0x0000000649000000)
 Metaspace       used 33714K, capacity 35428K, committed 35496K, reserved 1079296K
  class space    used 4487K, capacity 4834K, committed 4864K, reserved 1048576K
Event: 16.908 GC heap after
Heap after GC invocations=8 (full 2):
 PSYoungGen      total 351744K, used 0K [0x0000000740b00000, 0x0000000757500000, 0x00000007c0000000)
  eden space 336896K, 0% used [0x0000000740b00000,0x0000000740b00000,0x0000000755400000)
  from space 14848K, 0% used [0x0000000756380000,0x0000000756380000,0x0000000757200000)
  to   space 15872K, 0% used [0x0000000755400000,0x0000000755400000,0x0000000756380000)
 ParOldGen       total 156160K, used 17491K [0x0000000642000000, 0x000000064b880000, 0x0000000740b00000)
  object space 156160K, 11% used [0x0000000642000000,0x0000000643114de8,0x000000064b880000)
 Metaspace       used 33714K, capacity 35428K, committed 35496K, reserved 1079296K
  class space    used 4487K, capacity 4834K, committed 4864K, reserved 1048576K
}
Event: 27.506 GC heap before
{Heap before GC invocations=9 (full 2):
 PSYoungGen      total 351744K, used 336896K [0x0000000740b00000, 0x0000000757500000, 0x00000007c0000000)
  eden space 336896K, 100% used [0x0000000740b00000,0x0000000755400000,0x0000000755400000)
  from space 14848K, 0% used [0x0000000756380000,0x0000000756380000,0x0000000757200000)
  to   space 15872K, 0% used [0x0000000755400000,0x0000000755400000,0x0000000756380000)
 ParOldGen       total 156160K, used 17491K [0x0000000642000000, 0x000000064b880000, 0x0000000740b00000)
  object space 156160K, 11% used [0x0000000642000000,0x0000000643114de8,0x000000064b880000)
 Metaspace       used 48553K, capacity 50810K, committed 51200K, reserved 1093632K
  class space    used 6389K, capacity 6810K, committed 6912K, reserved 1048576K
Event: 27.529 GC heap after
Heap after GC invocations=9 (full 2):
 PSYoungGen      total 352768K, used 15860K [0x0000000740b00000, 0x0000000765a00000, 0x00000007c0000000)
  eden space 336896K, 0% used [0x0000000740b00000,0x0000000740b00000,0x0000000755400000)
  from space 15872K, 99% used [0x0000000755400000,0x000000075637d1d0,0x0000000756380000)
  to   space 20480K, 0% used [0x0000000764600000,0x0000000764600000,0x0000000765a00000)
 ParOldGen       total 156160K, used 21704K [0x0000000642000000, 0x000000064b880000, 0x0000000740b00000)
  object space 156160K, 13% used [0x0000000642000000,0x0000000643532070,0x000000064b880000)
 Metaspace       used 48553K, capacity 50810K, committed 51200K, reserved 1093632K
  class space    used 6389K, capacity 6810K, committed 6912K, reserved 1048576K
}
Event: 15935.212 GC heap before
{Heap before GC invocations=10 (full 2):
 PSYoungGen      total 352768K, used 352756K [0x0000000740b00000, 0x0000000765a00000, 0x00000007c0000000)
  eden space 336896K, 100% used [0x0000000740b00000,0x0000000755400000,0x0000000755400000)
  from space 15872K, 99% used [0x0000000755400000,0x000000075637d1d0,0x0000000756380000)
  to   space 20480K, 0% used [0x0000000764600000,0x0000000764600000,0x0000000765a00000)
 ParOldGen       total 156160K, used 21704K [0x0000000642000000, 0x000000064b880000, 0x0000000740b00000)
  object space 156160K, 13% used [0x0000000642000000,0x0000000643532070,0x000000064b880000)
 Metaspace       used 55517K, capacity 58268K, committed 58496K, reserved 1099776K
  class space    used 7230K, capacity 7745K, committed 7808K, reserved 1048576K
Event: 15935.246 GC heap after
Heap after GC invocations=10 (full 2):
 PSYoungGen      total 562176K, used 20472K [0x0000000740b00000, 0x0000000765a00000, 0x00000007c0000000)
  eden space 541696K, 0% used [0x0000000740b00000,0x0000000740b00000,0x0000000761c00000)
  from space 20480K, 99% used [0x0000000764600000,0x00000007659fe3e8,0x0000000765a00000)
  to   space 26624K, 0% used [0x0000000762600000,0x0000000762600000,0x0000000764000000)
 ParOldGen       total 156160K, used 28897K [0x0000000642000000, 0x000000064b880000, 0x0000000740b00000)
  object space 156160K, 18% used [0x0000000642000000,0x0000000643c38728,0x000000064b880000)
 Metaspace       used 55517K, capacity 58268K, committed 58496K, reserved 1099776K
  class space    used 7230K, capacity 7745K, committed 7808K, reserved 1048576K
}

